Determining if the pthread_create exist failed with the following output:
Change Dir: /home/smarlogy/catkin_ws/src/ORB_SLAM2/Examples/ROS/ORB_SLAM2/build/CMakeFiles/CMakeTmp

Run Build Command:"/usr/bin/make" "cmTC_b1b83/fast"
/usr/bin/make -f CMakeFiles/cmTC_b1b83.dir/build.make CMakeFiles/cmTC_b1b83.dir/build
make[1]: se entra en el directorio '/home/smarlogy/catkin_ws/src/ORB_SLAM2/Examples/ROS/ORB_SLAM2/build/CMakeFiles/CMakeTmp'
Building C object CMakeFiles/cmTC_b1b83.dir/CheckSymbolExists.c.o
/usr/bin/cc     -o CMakeFiles/cmTC_b1b83.dir/CheckSymbolExists.c.o   -c /home/smarlogy/catkin_ws/src/ORB_SLAM2/Examples/ROS/ORB_SLAM2/build/CMakeFiles/CMakeTmp/CheckSymbolExists.c
Linking C executable cmTC_b1b83
/usr/bin/cmake -E cmake_link_script CMakeFiles/cmTC_b1b83.dir/link.txt --verbose=1
/usr/bin/cc       CMakeFiles/cmTC_b1b83.dir/CheckSymbolExists.c.o  -o cmTC_b1b83 -rdynamic 
CMakeFiles/cmTC_b1b83.dir/CheckSymbolExists.c.o: En la funci√≥n `main':
CheckSymbolExists.c:(.text+0x16): referencia a `pthread_create' sin definir
collect2: error: ld returned 1 exit status
CMakeFiles/cmTC_b1b83.dir/build.make:97: fallo en las instrucciones para el objetivo 'cmTC_b1b83'
make[1]: *** [cmTC_b1b83] Error 1
make[1]: se sale del directorio '/home/smarlogy/catkin_ws/src/ORB_SLAM2/Examples/ROS/ORB_SLAM2/build/CMakeFiles/CMakeTmp'
Makefile:126: fallo en las instrucciones para el objetivo 'cmTC_b1b83/fast'
make: *** [cmTC_b1b83/fast] Error 2

File /home/smarlogy/catkin_ws/src/ORB_SLAM2/Examples/ROS/ORB_SLAM2/build/CMakeFiles/CMakeTmp/CheckSymbolExists.c:
/* */
#include <pthread.h>

int main(int argc, char** argv)
{
  (void)argv;
#ifndef pthread_create
  return ((int*)(&pthread_create))[argc];
#else
  (void)argc;
  return 0;
#endif
}

Determining if the function pthread_create exists in the pthreads failed with the following output:
Change Dir: /home/smarlogy/catkin_ws/src/ORB_SLAM2/Examples/ROS/ORB_SLAM2/build/CMakeFiles/CMakeTmp

Run Build Command:"/usr/bin/make" "cmTC_29400/fast"
/usr/bin/make -f CMakeFiles/cmTC_29400.dir/build.make CMakeFiles/cmTC_29400.dir/build
make[1]: se entra en el directorio '/home/smarlogy/catkin_ws/src/ORB_SLAM2/Examples/ROS/ORB_SLAM2/build/CMakeFiles/CMakeTmp'
Building C object CMakeFiles/cmTC_29400.dir/CheckFunctionExists.c.o
/usr/bin/cc    -DCHECK_FUNCTION_EXISTS=pthread_create   -o CMakeFiles/cmTC_29400.dir/CheckFunctionExists.c.o   -c /usr/share/cmake-3.5/Modules/CheckFunctionExists.c
Linking C executable cmTC_29400
/usr/bin/cmake -E cmake_link_script CMakeFiles/cmTC_29400.dir/link.txt --verbose=1
/usr/bin/cc   -DCHECK_FUNCTION_EXISTS=pthread_create    CMakeFiles/cmTC_29400.dir/CheckFunctionExists.c.o  -o cmTC_29400 -rdynamic -lpthreads 
/usr/bin/ld: no se puede encontrar -lpthreads
collect2: error: ld returned 1 exit status
CMakeFiles/cmTC_29400.dir/build.make:97: fallo en las instrucciones para el objetivo 'cmTC_29400'
make[1]: *** [cmTC_29400] Error 1
make[1]: se sale del directorio '/home/smarlogy/catkin_ws/src/ORB_SLAM2/Examples/ROS/ORB_SLAM2/build/CMakeFiles/CMakeTmp'
Makefile:126: fallo en las instrucciones para el objetivo 'cmTC_29400/fast'
make: *** [cmTC_29400/fast] Error 2


